

Started GET "/" for ::1 at 2015-09-19 11:06:44 -0600
Processing by Rails::WelcomeController#index as HTML
  Rendered /Users/sw/.rvm/gems/ruby-2.1.3/gems/railties-4.2.0/lib/rails/templates/rails/welcome/index.html.erb (2.5ms)
Completed 200 OK in 25ms (Views: 14.2ms | ActiveRecord: 0.0ms)
  [1m[36m (1.1ms)[0m  [1mCREATE TABLE "schema_migrations" ("version" varchar NOT NULL) [0m
  [1m[35m (0.4ms)[0m  select sqlite_version(*)
  [1m[36m (0.8ms)[0m  [1mCREATE UNIQUE INDEX "unique_schema_migrations" ON "schema_migrations" ("version")[0m
  [1m[35mActiveRecord::SchemaMigration Load (0.1ms)[0m  SELECT "schema_migrations".* FROM "schema_migrations"
Migrating to CreatePurchases (20150919170806)
  [1m[36m (0.1ms)[0m  [1mbegin transaction[0m
  [1m[35m (0.5ms)[0m  CREATE TABLE "purchases" ("id" INTEGER PRIMARY KEY AUTOINCREMENT NOT NULL, "name" varchar, "cost" decimal, "created_at" datetime NOT NULL, "updated_at" datetime NOT NULL) 
  [1m[36mSQL (0.2ms)[0m  [1mINSERT INTO "schema_migrations" ("version") VALUES (?)[0m  [["version", "20150919170806"]]
  [1m[35m (0.8ms)[0m  commit transaction
  [1m[36mActiveRecord::SchemaMigration Load (0.1ms)[0m  [1mSELECT "schema_migrations".* FROM "schema_migrations"[0m


Started GET "/" for ::1 at 2015-09-19 19:26:03 -0600
  [1m[36mActiveRecord::SchemaMigration Load (0.4ms)[0m  [1mSELECT "schema_migrations".* FROM "schema_migrations"[0m
Processing by Rails::WelcomeController#index as HTML
  Rendered /Users/sw/.rvm/gems/ruby-2.1.3/gems/railties-4.2.0/lib/rails/templates/rails/welcome/index.html.erb (2.5ms)
Completed 200 OK in 27ms (Views: 15.6ms | ActiveRecord: 0.0ms)


Started GET "/purchases" for ::1 at 2015-09-19 19:26:25 -0600
Processing by PurchasesController#index as HTML
  [1m[35mPurchase Load (0.6ms)[0m  SELECT "purchases".* FROM "purchases"
  Rendered purchases/index.html.erb within layouts/application (3.8ms)
Completed 200 OK in 1311ms (Views: 1306.8ms | ActiveRecord: 0.8ms)


Started GET "/assets/purchases.self-e3b0c44298fc1c149afbf4c8996fb92427ae41e4649b934ca495991b7852b855.css?body=1" for ::1 at 2015-09-19 19:26:27 -0600


Started GET "/assets/turbolinks.self-c37727e9bd6b2735da5c311aa83fead54ed0be6cc8bd9a65309e9c5abe2cbfff.js?body=1" for ::1 at 2015-09-19 19:26:27 -0600


Started GET "/assets/application.self-e80e8f2318043e8af94dddc2adad5a4f09739a8ebb323b3ab31cd71d45fd9113.css?body=1" for ::1 at 2015-09-19 19:26:27 -0600


Started GET "/assets/scaffolds.self-035a996a8333591f7089850ff6db06e182fae6b3cb8efc6b6eb30ee71cf35ffb.css?body=1" for ::1 at 2015-09-19 19:26:27 -0600


Started GET "/assets/jquery.self-a714331225dda820228db323939889f149aec0127aeb06255646b616ba1ca419.js?body=1" for ::1 at 2015-09-19 19:26:27 -0600


Started GET "/assets/jquery_ujs.self-d456baa54c1fa6be2ec3711f0a72ddf7a5b2f34a6b4f515f33767d6207b7d4b3.js?body=1" for ::1 at 2015-09-19 19:26:27 -0600


Started GET "/assets/purchases.self-877aef30ae1b040ab8a3aba4e3e309a11d7f2612f44dde450b5c157aa5f95c05.js?body=1" for ::1 at 2015-09-19 19:26:27 -0600


Started GET "/assets/application.self-3a3c8b61bda630ee689740ce7cbd0dd8ea6fdd45e2c42eef4661ab38cf268afe.js?body=1" for ::1 at 2015-09-19 19:26:27 -0600


Started GET "/purchases/new" for ::1 at 2015-09-19 19:26:33 -0600
Processing by PurchasesController#new as HTML
  Rendered purchases/_form.html.erb (22.7ms)
  Rendered purchases/new.html.erb within layouts/application (29.0ms)
Completed 200 OK in 67ms (Views: 62.0ms | ActiveRecord: 0.3ms)


Started POST "/purchases" for ::1 at 2015-09-19 19:26:49 -0600
Processing by PurchasesController#create as HTML
  Parameters: {"utf8"=>"✓", "authenticity_token"=>"CYjsFJ97HZGRG8sRms8eX3E1ZK90kpbuu447t4+pL1MzMABKlw9nkbcahqQCddqvSQYHSPojzmNOHd9e5OTeoQ==", "purchase"=>{"name"=>"Mouse Traps", "cost"=>"1.96"}, "commit"=>"Create Purchase"}
  [1m[36m (0.1ms)[0m  [1mbegin transaction[0m
  [1m[35mSQL (0.9ms)[0m  INSERT INTO "purchases" ("name", "cost", "created_at", "updated_at") VALUES (?, ?, ?, ?)  [["name", "Mouse Traps"], ["cost", 1.96], ["created_at", "2015-09-20 01:26:49.086420"], ["updated_at", "2015-09-20 01:26:49.086420"]]
  [1m[36m (0.9ms)[0m  [1mcommit transaction[0m
Redirected to http://localhost:3000/purchases/1
Completed 302 Found in 10ms (ActiveRecord: 1.9ms)


Started GET "/purchases/1" for ::1 at 2015-09-19 19:26:49 -0600
Processing by PurchasesController#show as HTML
  Parameters: {"id"=>"1"}
  [1m[35mPurchase Load (0.3ms)[0m  SELECT  "purchases".* FROM "purchases" WHERE "purchases"."id" = ? LIMIT 1  [["id", 1]]
  Rendered purchases/show.html.erb within layouts/application (2.2ms)
Completed 200 OK in 56ms (Views: 45.0ms | ActiveRecord: 0.3ms)


Started GET "/purchases/1" for ::1 at 2015-09-19 19:28:44 -0600
Processing by PurchasesController#show as HTML
  Parameters: {"id"=>"1"}
  [1m[36mPurchase Load (0.2ms)[0m  [1mSELECT  "purchases".* FROM "purchases" WHERE "purchases"."id" = ? LIMIT 1[0m  [["id", 1]]
  Rendered purchases/show.html.erb within layouts/application (1.4ms)
Completed 200 OK in 47ms (Views: 44.5ms | ActiveRecord: 0.2ms)


Started GET "/assets/application.self-e80e8f2318043e8af94dddc2adad5a4f09739a8ebb323b3ab31cd71d45fd9113.css?body=1" for ::1 at 2015-09-19 19:28:44 -0600


Started GET "/assets/jquery_ujs.self-d456baa54c1fa6be2ec3711f0a72ddf7a5b2f34a6b4f515f33767d6207b7d4b3.js?body=1" for ::1 at 2015-09-19 19:28:44 -0600


Started GET "/assets/purchases.self-877aef30ae1b040ab8a3aba4e3e309a11d7f2612f44dde450b5c157aa5f95c05.js?body=1" for ::1 at 2015-09-19 19:28:44 -0600


Started GET "/assets/jquery.self-a714331225dda820228db323939889f149aec0127aeb06255646b616ba1ca419.js?body=1" for ::1 at 2015-09-19 19:28:44 -0600


Started GET "/assets/turbolinks.self-c37727e9bd6b2735da5c311aa83fead54ed0be6cc8bd9a65309e9c5abe2cbfff.js?body=1" for ::1 at 2015-09-19 19:28:44 -0600


Started GET "/assets/scaffolds.self-035a996a8333591f7089850ff6db06e182fae6b3cb8efc6b6eb30ee71cf35ffb.css?body=1" for ::1 at 2015-09-19 19:28:44 -0600


Started GET "/assets/purchases.self-e3b0c44298fc1c149afbf4c8996fb92427ae41e4649b934ca495991b7852b855.css?body=1" for ::1 at 2015-09-19 19:28:44 -0600


Started GET "/assets/application.self-3a3c8b61bda630ee689740ce7cbd0dd8ea6fdd45e2c42eef4661ab38cf268afe.js?body=1" for ::1 at 2015-09-19 19:28:44 -0600


Started GET "/purchases/1" for ::1 at 2015-09-19 19:29:00 -0600
Processing by PurchasesController#show as HTML
  Parameters: {"id"=>"1"}
  [1m[35mPurchase Load (0.1ms)[0m  SELECT  "purchases".* FROM "purchases" WHERE "purchases"."id" = ? LIMIT 1  [["id", 1]]
  Rendered purchases/show.html.erb within layouts/application (0.9ms)
Completed 200 OK in 49ms (Views: 46.9ms | ActiveRecord: 0.1ms)


Started GET "/assets/scaffolds.self-035a996a8333591f7089850ff6db06e182fae6b3cb8efc6b6eb30ee71cf35ffb.css?body=1" for ::1 at 2015-09-19 19:29:00 -0600


Started GET "/assets/purchases.self-e3b0c44298fc1c149afbf4c8996fb92427ae41e4649b934ca495991b7852b855.css?body=1" for ::1 at 2015-09-19 19:29:00 -0600


Started GET "/assets/turbolinks.self-c37727e9bd6b2735da5c311aa83fead54ed0be6cc8bd9a65309e9c5abe2cbfff.js?body=1" for ::1 at 2015-09-19 19:29:00 -0600


Started GET "/assets/application.self-e80e8f2318043e8af94dddc2adad5a4f09739a8ebb323b3ab31cd71d45fd9113.css?body=1" for ::1 at 2015-09-19 19:29:00 -0600


Started GET "/assets/jquery_ujs.self-d456baa54c1fa6be2ec3711f0a72ddf7a5b2f34a6b4f515f33767d6207b7d4b3.js?body=1" for ::1 at 2015-09-19 19:29:00 -0600


Started GET "/assets/jquery.self-a714331225dda820228db323939889f149aec0127aeb06255646b616ba1ca419.js?body=1" for ::1 at 2015-09-19 19:29:00 -0600


Started GET "/assets/application.self-3a3c8b61bda630ee689740ce7cbd0dd8ea6fdd45e2c42eef4661ab38cf268afe.js?body=1" for ::1 at 2015-09-19 19:29:00 -0600


Started GET "/assets/purchases.self-877aef30ae1b040ab8a3aba4e3e309a11d7f2612f44dde450b5c157aa5f95c05.js?body=1" for ::1 at 2015-09-19 19:29:00 -0600


Started GET "/" for ::1 at 2015-09-29 08:23:38 -0600
  [1m[36mActiveRecord::SchemaMigration Load (0.6ms)[0m  [1mSELECT "schema_migrations".* FROM "schema_migrations"[0m
Processing by Rails::WelcomeController#index as HTML
  Rendered /Users/sw/.rvm/gems/ruby-2.1.3/gems/railties-4.2.0/lib/rails/templates/rails/welcome/index.html.erb (3.1ms)
Completed 200 OK in 27ms (Views: 15.8ms | ActiveRecord: 0.0ms)


Started GET "/purchases" for ::1 at 2015-09-29 08:23:50 -0600
Processing by PurchasesController#index as HTML
  [1m[35mPurchase Load (0.6ms)[0m  SELECT "purchases".* FROM "purchases"
  Rendered purchases/index.html.erb within layouts/application (10.0ms)
Completed 200 OK in 275ms (Views: 271.4ms | ActiveRecord: 1.0ms)


Started GET "/assets/purchases.self-e3b0c44298fc1c149afbf4c8996fb92427ae41e4649b934ca495991b7852b855.css?body=1" for ::1 at 2015-09-29 08:23:51 -0600


Started GET "/assets/jquery_ujs.self-d456baa54c1fa6be2ec3711f0a72ddf7a5b2f34a6b4f515f33767d6207b7d4b3.js?body=1" for ::1 at 2015-09-29 08:23:51 -0600


Started GET "/assets/turbolinks.self-c37727e9bd6b2735da5c311aa83fead54ed0be6cc8bd9a65309e9c5abe2cbfff.js?body=1" for ::1 at 2015-09-29 08:23:51 -0600


Started GET "/assets/jquery.self-a714331225dda820228db323939889f149aec0127aeb06255646b616ba1ca419.js?body=1" for ::1 at 2015-09-29 08:23:51 -0600


Started GET "/assets/scaffolds.self-035a996a8333591f7089850ff6db06e182fae6b3cb8efc6b6eb30ee71cf35ffb.css?body=1" for ::1 at 2015-09-29 08:23:51 -0600


Started GET "/assets/application.self-e80e8f2318043e8af94dddc2adad5a4f09739a8ebb323b3ab31cd71d45fd9113.css?body=1" for ::1 at 2015-09-29 08:23:51 -0600


Started GET "/assets/purchases.self-877aef30ae1b040ab8a3aba4e3e309a11d7f2612f44dde450b5c157aa5f95c05.js?body=1" for ::1 at 2015-09-29 08:23:51 -0600


Started GET "/assets/application.self-3a3c8b61bda630ee689740ce7cbd0dd8ea6fdd45e2c42eef4661ab38cf268afe.js?body=1" for ::1 at 2015-09-29 08:23:51 -0600


Started GET "/purchases/new" for ::1 at 2015-09-29 08:24:30 -0600
Processing by PurchasesController#new as HTML
  Rendered purchases/_form.html.erb (25.4ms)
  Rendered purchases/new.html.erb within layouts/application (31.5ms)
Completed 200 OK in 66ms (Views: 64.3ms | ActiveRecord: 0.0ms)


Started POST "/purchases" for ::1 at 2015-09-29 08:24:32 -0600
Processing by PurchasesController#create as HTML
  Parameters: {"utf8"=>"✓", "authenticity_token"=>"S9IONQdfL0yOZwBjuJCyAtCqjERInTdirmkU0mni4rZxauJrDytVTKhmTdYgKnby6Jnvo8Ysb+9b+vA7Aq8TRA==", "purchase"=>{"name"=>"", "cost"=>""}, "commit"=>"Create Purchase"}
  [1m[36m (0.1ms)[0m  [1mbegin transaction[0m
  [1m[35m (0.1ms)[0m  rollback transaction
  Rendered purchases/_form.html.erb (5.2ms)
  Rendered purchases/new.html.erb within layouts/application (6.6ms)
Completed 200 OK in 43ms (Views: 37.8ms | ActiveRecord: 0.2ms)


Started POST "/purchases" for ::1 at 2015-09-29 08:25:06 -0600
Processing by PurchasesController#create as HTML
  Parameters: {"utf8"=>"✓", "authenticity_token"=>"uI569KDOVkh7GeAKqsTpmUG2fzqe40CILF/aXdtga52CNpaqqLosSF0Yrb8yfi1peYUc3RBSGAXZzD60sC2abw==", "purchase"=>{"name"=>"foo", "cost"=>"-110"}, "commit"=>"Create Purchase"}
  [1m[36m (0.1ms)[0m  [1mbegin transaction[0m
  [1m[35m (0.1ms)[0m  rollback transaction
  Rendered purchases/_form.html.erb (2.0ms)
  Rendered purchases/new.html.erb within layouts/application (2.7ms)
Completed 200 OK in 46ms (Views: 41.2ms | ActiveRecord: 0.2ms)


Started POST "/purchases" for ::1 at 2015-09-29 08:25:22 -0600
Processing by PurchasesController#create as HTML
  Parameters: {"utf8"=>"✓", "authenticity_token"=>"m3dvnrUPhCngXTRI+/QEqQS5Kspc4OqgT1M/ThhgsAihz4PAvXv+KcZcef1jTsBZPIpJLdJRsi26wNuncy1B+g==", "purchase"=>{"name"=>"foo", "cost"=>"100"}, "commit"=>"Create Purchase"}
  [1m[36m (0.1ms)[0m  [1mbegin transaction[0m
  [1m[35mSQL (0.8ms)[0m  INSERT INTO "purchases" ("name", "cost", "created_at", "updated_at") VALUES (?, ?, ?, ?)  [["name", "foo"], ["cost", 100.0], ["created_at", "2015-09-29 14:25:22.076577"], ["updated_at", "2015-09-29 14:25:22.076577"]]
  [1m[36m (0.8ms)[0m  [1mcommit transaction[0m
Redirected to http://localhost:3000/purchases/2
Completed 302 Found in 9ms (ActiveRecord: 1.6ms)


Started GET "/purchases/2" for ::1 at 2015-09-29 08:25:22 -0600
Processing by PurchasesController#show as HTML
  Parameters: {"id"=>"2"}
  [1m[35mPurchase Load (0.3ms)[0m  SELECT  "purchases".* FROM "purchases" WHERE "purchases"."id" = ? LIMIT 1  [["id", 2]]
  Rendered purchases/show.html.erb within layouts/application (0.8ms)
Completed 200 OK in 39ms (Views: 31.8ms | ActiveRecord: 0.3ms)


Started GET "/purchases" for ::1 at 2015-09-29 08:25:29 -0600
Processing by PurchasesController#index as HTML
  [1m[36mPurchase Load (0.1ms)[0m  [1mSELECT "purchases".* FROM "purchases"[0m
  Rendered purchases/index.html.erb within layouts/application (1.9ms)
Completed 200 OK in 78ms (Views: 76.9ms | ActiveRecord: 0.1ms)


Started DELETE "/purchases/1" for ::1 at 2015-09-29 08:25:39 -0600
Processing by PurchasesController#destroy as HTML
  Parameters: {"authenticity_token"=>"hQKYPbAgo5Hf6RbULvbXl5PYGGSosmJOCCBuSSenPc2/unRjuFTZkfnoW2G2TBNnq+t7gyYDOsP9s4qgTOrMPw==", "id"=>"1"}
  [1m[35mPurchase Load (0.2ms)[0m  SELECT  "purchases".* FROM "purchases" WHERE "purchases"."id" = ? LIMIT 1  [["id", 1]]
  [1m[36m (0.1ms)[0m  [1mbegin transaction[0m
  [1m[35mSQL (0.4ms)[0m  DELETE FROM "purchases" WHERE "purchases"."id" = ?  [["id", 1]]
  [1m[36m (0.8ms)[0m  [1mcommit transaction[0m
Redirected to http://localhost:3000/purchases
Completed 302 Found in 6ms (ActiveRecord: 1.5ms)


Started GET "/purchases" for ::1 at 2015-09-29 08:25:39 -0600
Processing by PurchasesController#index as HTML
  [1m[35mPurchase Load (0.1ms)[0m  SELECT "purchases".* FROM "purchases"
  Rendered purchases/index.html.erb within layouts/application (1.1ms)
Completed 200 OK in 32ms (Views: 30.2ms | ActiveRecord: 0.1ms)


Started GET "/purchases/new" for ::1 at 2015-09-29 08:25:41 -0600
Processing by PurchasesController#new as HTML
  Rendered purchases/_form.html.erb (1.3ms)
  Rendered purchases/new.html.erb within layouts/application (2.0ms)
Completed 200 OK in 36ms (Views: 34.5ms | ActiveRecord: 0.0ms)


Started POST "/purchases" for ::1 at 2015-09-29 08:25:55 -0600
Processing by PurchasesController#create as HTML
  Parameters: {"utf8"=>"✓", "authenticity_token"=>"CeiBV54ToLHDbvlohIqd69b5vTjcsZOZ2URgPqKd84IzUG0JlmfaseVvtN0cMFkb7sre31IAyxQs14TXydACcA==", "purchase"=>{"name"=>"Mouse Traps", "cost"=>"1.95"}, "commit"=>"Create Purchase"}
  [1m[36m (0.1ms)[0m  [1mbegin transaction[0m
  [1m[35mSQL (0.3ms)[0m  INSERT INTO "purchases" ("name", "cost", "created_at", "updated_at") VALUES (?, ?, ?, ?)  [["name", "Mouse Traps"], ["cost", 1.95], ["created_at", "2015-09-29 14:25:55.913383"], ["updated_at", "2015-09-29 14:25:55.913383"]]
  [1m[36m (0.7ms)[0m  [1mcommit transaction[0m
Redirected to http://localhost:3000/purchases/3
Completed 302 Found in 5ms (ActiveRecord: 1.1ms)


Started GET "/purchases/3" for ::1 at 2015-09-29 08:25:55 -0600
Processing by PurchasesController#show as HTML
  Parameters: {"id"=>"3"}
  [1m[35mPurchase Load (0.1ms)[0m  SELECT  "purchases".* FROM "purchases" WHERE "purchases"."id" = ? LIMIT 1  [["id", 3]]
  Rendered purchases/show.html.erb within layouts/application (0.4ms)
Completed 200 OK in 32ms (Views: 31.0ms | ActiveRecord: 0.1ms)


Started GET "/purchases" for ::1 at 2015-09-29 08:26:02 -0600
Processing by PurchasesController#index as HTML
  [1m[36mPurchase Load (0.1ms)[0m  [1mSELECT "purchases".* FROM "purchases"[0m
  Rendered purchases/index.html.erb within layouts/application (1.2ms)
Completed 200 OK in 39ms (Views: 38.1ms | ActiveRecord: 0.1ms)


Started GET "/purchases" for ::1 at 2015-09-29 08:27:18 -0600
Processing by PurchasesController#index as HTML
  [1m[35mPurchase Load (0.1ms)[0m  SELECT "purchases".* FROM "purchases"
  Rendered purchases/index.html.erb within layouts/application (9.8ms)
Completed 200 OK in 41ms (Views: 40.1ms | ActiveRecord: 0.1ms)


Started GET "/assets/purchases.self-e3b0c44298fc1c149afbf4c8996fb92427ae41e4649b934ca495991b7852b855.css?body=1" for ::1 at 2015-09-29 08:27:18 -0600


Started GET "/assets/scaffolds.self-035a996a8333591f7089850ff6db06e182fae6b3cb8efc6b6eb30ee71cf35ffb.css?body=1" for ::1 at 2015-09-29 08:27:18 -0600


Started GET "/assets/application.self-e80e8f2318043e8af94dddc2adad5a4f09739a8ebb323b3ab31cd71d45fd9113.css?body=1" for ::1 at 2015-09-29 08:27:18 -0600


Started GET "/assets/jquery.self-a714331225dda820228db323939889f149aec0127aeb06255646b616ba1ca419.js?body=1" for ::1 at 2015-09-29 08:27:18 -0600


Started GET "/assets/turbolinks.self-c37727e9bd6b2735da5c311aa83fead54ed0be6cc8bd9a65309e9c5abe2cbfff.js?body=1" for ::1 at 2015-09-29 08:27:18 -0600


Started GET "/assets/jquery_ujs.self-d456baa54c1fa6be2ec3711f0a72ddf7a5b2f34a6b4f515f33767d6207b7d4b3.js?body=1" for ::1 at 2015-09-29 08:27:18 -0600


Started GET "/assets/purchases.self-877aef30ae1b040ab8a3aba4e3e309a11d7f2612f44dde450b5c157aa5f95c05.js?body=1" for ::1 at 2015-09-29 08:27:18 -0600


Started GET "/assets/application.self-3a3c8b61bda630ee689740ce7cbd0dd8ea6fdd45e2c42eef4661ab38cf268afe.js?body=1" for ::1 at 2015-09-29 08:27:18 -0600


Started GET "/purchases/2" for ::1 at 2015-09-29 09:09:22 -0600
Processing by PurchasesController#show as HTML
  Parameters: {"id"=>"2"}
  [1m[36mPurchase Load (1.5ms)[0m  [1mSELECT  "purchases".* FROM "purchases" WHERE "purchases"."id" = ? LIMIT 1[0m  [["id", 2]]
  Rendered purchases/show.html.erb within layouts/application (7.5ms)
Completed 200 OK in 100ms (Views: 88.2ms | ActiveRecord: 1.5ms)


Started GET "/purchases" for ::1 at 2015-09-29 09:09:25 -0600
Processing by PurchasesController#index as HTML
  [1m[35mPurchase Load (0.4ms)[0m  SELECT "purchases".* FROM "purchases"
  Rendered purchases/index.html.erb within layouts/application (6.1ms)
Completed 200 OK in 128ms (Views: 125.7ms | ActiveRecord: 0.4ms)


Started GET "/purchases/3" for ::1 at 2015-09-29 09:09:27 -0600
Processing by PurchasesController#show as HTML
  Parameters: {"id"=>"3"}
  [1m[36mPurchase Load (0.2ms)[0m  [1mSELECT  "purchases".* FROM "purchases" WHERE "purchases"."id" = ? LIMIT 1[0m  [["id", 3]]
  Rendered purchases/show.html.erb within layouts/application (0.4ms)
Completed 200 OK in 41ms (Views: 38.6ms | ActiveRecord: 0.2ms)


Started GET "/purchases/3" for ::1 at 2015-09-29 09:09:48 -0600
Processing by PurchasesController#show as HTML
  Parameters: {"id"=>"3"}
  [1m[35mPurchase Load (0.1ms)[0m  SELECT  "purchases".* FROM "purchases" WHERE "purchases"."id" = ? LIMIT 1  [["id", 3]]
  Rendered purchases/show.html.erb within layouts/application (0.8ms)
Completed 200 OK in 32ms (Views: 30.7ms | ActiveRecord: 0.1ms)


Started GET "/assets/purchases.self-e3b0c44298fc1c149afbf4c8996fb92427ae41e4649b934ca495991b7852b855.css?body=1" for ::1 at 2015-09-29 09:09:48 -0600


Started GET "/assets/purchases.self-877aef30ae1b040ab8a3aba4e3e309a11d7f2612f44dde450b5c157aa5f95c05.js?body=1" for ::1 at 2015-09-29 09:09:48 -0600


Started GET "/assets/jquery.self-a714331225dda820228db323939889f149aec0127aeb06255646b616ba1ca419.js?body=1" for ::1 at 2015-09-29 09:09:48 -0600


Started GET "/assets/jquery_ujs.self-d456baa54c1fa6be2ec3711f0a72ddf7a5b2f34a6b4f515f33767d6207b7d4b3.js?body=1" for ::1 at 2015-09-29 09:09:48 -0600


Started GET "/assets/scaffolds.self-035a996a8333591f7089850ff6db06e182fae6b3cb8efc6b6eb30ee71cf35ffb.css?body=1" for ::1 at 2015-09-29 09:09:48 -0600


Started GET "/assets/application.self-e80e8f2318043e8af94dddc2adad5a4f09739a8ebb323b3ab31cd71d45fd9113.css?body=1" for ::1 at 2015-09-29 09:09:48 -0600


Started GET "/assets/turbolinks.self-c37727e9bd6b2735da5c311aa83fead54ed0be6cc8bd9a65309e9c5abe2cbfff.js?body=1" for ::1 at 2015-09-29 09:09:48 -0600


Started GET "/assets/application.self-3a3c8b61bda630ee689740ce7cbd0dd8ea6fdd45e2c42eef4661ab38cf268afe.js?body=1" for ::1 at 2015-09-29 09:09:48 -0600


Started GET "/purchases/3" for ::1 at 2015-09-29 09:10:04 -0600
Processing by PurchasesController#show as HTML
  Parameters: {"id"=>"3"}
  [1m[36mPurchase Load (0.2ms)[0m  [1mSELECT  "purchases".* FROM "purchases" WHERE "purchases"."id" = ? LIMIT 1[0m  [["id", 3]]
  Rendered purchases/show.html.erb within layouts/application (1.3ms)
Completed 200 OK in 37ms (Views: 35.4ms | ActiveRecord: 0.2ms)


Started GET "/assets/scaffolds.self-035a996a8333591f7089850ff6db06e182fae6b3cb8efc6b6eb30ee71cf35ffb.css?body=1" for ::1 at 2015-09-29 09:10:04 -0600


Started GET "/assets/purchases.self-e3b0c44298fc1c149afbf4c8996fb92427ae41e4649b934ca495991b7852b855.css?body=1" for ::1 at 2015-09-29 09:10:04 -0600


Started GET "/assets/turbolinks.self-c37727e9bd6b2735da5c311aa83fead54ed0be6cc8bd9a65309e9c5abe2cbfff.js?body=1" for ::1 at 2015-09-29 09:10:04 -0600


Started GET "/assets/jquery.self-a714331225dda820228db323939889f149aec0127aeb06255646b616ba1ca419.js?body=1" for ::1 at 2015-09-29 09:10:05 -0600


Started GET "/assets/jquery_ujs.self-d456baa54c1fa6be2ec3711f0a72ddf7a5b2f34a6b4f515f33767d6207b7d4b3.js?body=1" for ::1 at 2015-09-29 09:10:05 -0600


Started GET "/assets/application.self-e80e8f2318043e8af94dddc2adad5a4f09739a8ebb323b3ab31cd71d45fd9113.css?body=1" for ::1 at 2015-09-29 09:10:05 -0600


Started GET "/assets/purchases.self-877aef30ae1b040ab8a3aba4e3e309a11d7f2612f44dde450b5c157aa5f95c05.js?body=1" for ::1 at 2015-09-29 09:10:05 -0600


Started GET "/assets/application.self-3a3c8b61bda630ee689740ce7cbd0dd8ea6fdd45e2c42eef4661ab38cf268afe.js?body=1" for ::1 at 2015-09-29 09:10:05 -0600


Started GET "/purchases" for ::1 at 2015-09-29 09:10:18 -0600
Processing by PurchasesController#index as HTML
  [1m[35mPurchase Load (0.1ms)[0m  SELECT "purchases".* FROM "purchases"
  Rendered purchases/index.html.erb within layouts/application (1.8ms)
Completed 200 OK in 34ms (Views: 33.1ms | ActiveRecord: 0.1ms)


Started GET "/purchases" for ::1 at 2015-09-29 09:10:24 -0600
Processing by PurchasesController#index as HTML
  [1m[36mPurchase Load (0.1ms)[0m  [1mSELECT "purchases".* FROM "purchases"[0m
  Rendered purchases/index.html.erb within layouts/application (1.7ms)
Completed 200 OK in 26ms (Views: 24.9ms | ActiveRecord: 0.1ms)


Started GET "/assets/jquery.self-a714331225dda820228db323939889f149aec0127aeb06255646b616ba1ca419.js?body=1" for ::1 at 2015-09-29 09:10:25 -0600


Started GET "/assets/purchases.self-e3b0c44298fc1c149afbf4c8996fb92427ae41e4649b934ca495991b7852b855.css?body=1" for ::1 at 2015-09-29 09:10:25 -0600


Started GET "/assets/application.self-e80e8f2318043e8af94dddc2adad5a4f09739a8ebb323b3ab31cd71d45fd9113.css?body=1" for ::1 at 2015-09-29 09:10:25 -0600


Started GET "/assets/scaffolds.self-035a996a8333591f7089850ff6db06e182fae6b3cb8efc6b6eb30ee71cf35ffb.css?body=1" for ::1 at 2015-09-29 09:10:25 -0600


Started GET "/assets/jquery_ujs.self-d456baa54c1fa6be2ec3711f0a72ddf7a5b2f34a6b4f515f33767d6207b7d4b3.js?body=1" for ::1 at 2015-09-29 09:10:25 -0600


Started GET "/assets/turbolinks.self-c37727e9bd6b2735da5c311aa83fead54ed0be6cc8bd9a65309e9c5abe2cbfff.js?body=1" for ::1 at 2015-09-29 09:10:25 -0600


Started GET "/assets/purchases.self-877aef30ae1b040ab8a3aba4e3e309a11d7f2612f44dde450b5c157aa5f95c05.js?body=1" for ::1 at 2015-09-29 09:10:25 -0600


Started GET "/assets/application.self-3a3c8b61bda630ee689740ce7cbd0dd8ea6fdd45e2c42eef4661ab38cf268afe.js?body=1" for ::1 at 2015-09-29 09:10:25 -0600


Started GET "/purchases" for ::1 at 2015-09-29 09:11:05 -0600
Processing by PurchasesController#index as HTML
  [1m[35mPurchase Load (0.1ms)[0m  SELECT "purchases".* FROM "purchases"
  Rendered purchases/index.html.erb within layouts/application (6.7ms)
Completed 200 OK in 47ms (Views: 45.1ms | ActiveRecord: 0.1ms)


Started GET "/assets/scaffolds.self-035a996a8333591f7089850ff6db06e182fae6b3cb8efc6b6eb30ee71cf35ffb.css?body=1" for ::1 at 2015-09-29 09:11:05 -0600


Started GET "/assets/application.self-e80e8f2318043e8af94dddc2adad5a4f09739a8ebb323b3ab31cd71d45fd9113.css?body=1" for ::1 at 2015-09-29 09:11:05 -0600


Started GET "/assets/purchases.self-e3b0c44298fc1c149afbf4c8996fb92427ae41e4649b934ca495991b7852b855.css?body=1" for ::1 at 2015-09-29 09:11:05 -0600


Started GET "/assets/jquery.self-a714331225dda820228db323939889f149aec0127aeb06255646b616ba1ca419.js?body=1" for ::1 at 2015-09-29 09:11:05 -0600


Started GET "/assets/turbolinks.self-c37727e9bd6b2735da5c311aa83fead54ed0be6cc8bd9a65309e9c5abe2cbfff.js?body=1" for ::1 at 2015-09-29 09:11:05 -0600


Started GET "/assets/jquery_ujs.self-d456baa54c1fa6be2ec3711f0a72ddf7a5b2f34a6b4f515f33767d6207b7d4b3.js?body=1" for ::1 at 2015-09-29 09:11:05 -0600


Started GET "/assets/application.self-3a3c8b61bda630ee689740ce7cbd0dd8ea6fdd45e2c42eef4661ab38cf268afe.js?body=1" for ::1 at 2015-09-29 09:11:05 -0600


Started GET "/assets/purchases.self-877aef30ae1b040ab8a3aba4e3e309a11d7f2612f44dde450b5c157aa5f95c05.js?body=1" for ::1 at 2015-09-29 09:11:05 -0600


Started GET "/purchases" for ::1 at 2015-09-29 09:11:08 -0600
Processing by PurchasesController#index as HTML
  [1m[36mPurchase Load (0.1ms)[0m  [1mSELECT "purchases".* FROM "purchases"[0m
  Rendered purchases/index.html.erb within layouts/application (1.3ms)
Completed 200 OK in 40ms (Views: 39.0ms | ActiveRecord: 0.1ms)


Started GET "/assets/application.self-e80e8f2318043e8af94dddc2adad5a4f09739a8ebb323b3ab31cd71d45fd9113.css?body=1" for ::1 at 2015-09-29 09:11:09 -0600


Started GET "/assets/purchases.self-e3b0c44298fc1c149afbf4c8996fb92427ae41e4649b934ca495991b7852b855.css?body=1" for ::1 at 2015-09-29 09:11:09 -0600


Started GET "/assets/jquery.self-a714331225dda820228db323939889f149aec0127aeb06255646b616ba1ca419.js?body=1" for ::1 at 2015-09-29 09:11:09 -0600


Started GET "/assets/scaffolds.self-035a996a8333591f7089850ff6db06e182fae6b3cb8efc6b6eb30ee71cf35ffb.css?body=1" for ::1 at 2015-09-29 09:11:09 -0600


Started GET "/assets/jquery_ujs.self-d456baa54c1fa6be2ec3711f0a72ddf7a5b2f34a6b4f515f33767d6207b7d4b3.js?body=1" for ::1 at 2015-09-29 09:11:09 -0600


Started GET "/assets/purchases.self-877aef30ae1b040ab8a3aba4e3e309a11d7f2612f44dde450b5c157aa5f95c05.js?body=1" for ::1 at 2015-09-29 09:11:09 -0600


Started GET "/assets/turbolinks.self-c37727e9bd6b2735da5c311aa83fead54ed0be6cc8bd9a65309e9c5abe2cbfff.js?body=1" for ::1 at 2015-09-29 09:11:09 -0600


Started GET "/assets/application.self-3a3c8b61bda630ee689740ce7cbd0dd8ea6fdd45e2c42eef4661ab38cf268afe.js?body=1" for ::1 at 2015-09-29 09:11:09 -0600


Started GET "/purchases" for ::1 at 2015-09-29 09:11:16 -0600
Processing by PurchasesController#index as HTML
  [1m[35mPurchase Load (0.1ms)[0m  SELECT "purchases".* FROM "purchases"
  Rendered purchases/index.html.erb within layouts/application (1.8ms)
Completed 200 OK in 42ms (Views: 40.8ms | ActiveRecord: 0.1ms)


Started GET "/assets/purchases.self-e3b0c44298fc1c149afbf4c8996fb92427ae41e4649b934ca495991b7852b855.css?body=1" for ::1 at 2015-09-29 09:11:17 -0600


Started GET "/assets/jquery_ujs.self-d456baa54c1fa6be2ec3711f0a72ddf7a5b2f34a6b4f515f33767d6207b7d4b3.js?body=1" for ::1 at 2015-09-29 09:11:17 -0600


Started GET "/assets/application.self-e80e8f2318043e8af94dddc2adad5a4f09739a8ebb323b3ab31cd71d45fd9113.css?body=1" for ::1 at 2015-09-29 09:11:17 -0600


Started GET "/assets/turbolinks.self-c37727e9bd6b2735da5c311aa83fead54ed0be6cc8bd9a65309e9c5abe2cbfff.js?body=1" for ::1 at 2015-09-29 09:11:17 -0600


Started GET "/assets/jquery.self-a714331225dda820228db323939889f149aec0127aeb06255646b616ba1ca419.js?body=1" for ::1 at 2015-09-29 09:11:17 -0600


Started GET "/assets/scaffolds.self-035a996a8333591f7089850ff6db06e182fae6b3cb8efc6b6eb30ee71cf35ffb.css?body=1" for ::1 at 2015-09-29 09:11:17 -0600


Started GET "/assets/purchases.self-877aef30ae1b040ab8a3aba4e3e309a11d7f2612f44dde450b5c157aa5f95c05.js?body=1" for ::1 at 2015-09-29 09:11:17 -0600


Started GET "/assets/application.self-3a3c8b61bda630ee689740ce7cbd0dd8ea6fdd45e2c42eef4661ab38cf268afe.js?body=1" for ::1 at 2015-09-29 09:11:17 -0600


Started GET "/purchases" for ::1 at 2015-09-30 23:00:36 -0600
  [1m[36mActiveRecord::SchemaMigration Load (0.5ms)[0m  [1mSELECT "schema_migrations".* FROM "schema_migrations"[0m
Processing by PurchasesController#index as HTML
  [1m[35mPurchase Load (0.6ms)[0m  SELECT "purchases".* FROM "purchases"
  Rendered purchases/index.html.erb within layouts/application (12.3ms)
Completed 200 OK in 388ms (Views: 369.3ms | ActiveRecord: 1.0ms)


Started GET "/assets/purchases.self-e3b0c44298fc1c149afbf4c8996fb92427ae41e4649b934ca495991b7852b855.css?body=1" for ::1 at 2015-09-30 23:00:36 -0600


Started GET "/assets/turbolinks.self-c37727e9bd6b2735da5c311aa83fead54ed0be6cc8bd9a65309e9c5abe2cbfff.js?body=1" for ::1 at 2015-09-30 23:00:36 -0600


Started GET "/assets/application.self-e80e8f2318043e8af94dddc2adad5a4f09739a8ebb323b3ab31cd71d45fd9113.css?body=1" for ::1 at 2015-09-30 23:00:36 -0600


Started GET "/assets/scaffolds.self-035a996a8333591f7089850ff6db06e182fae6b3cb8efc6b6eb30ee71cf35ffb.css?body=1" for ::1 at 2015-09-30 23:00:36 -0600


Started GET "/assets/purchases.self-877aef30ae1b040ab8a3aba4e3e309a11d7f2612f44dde450b5c157aa5f95c05.js?body=1" for ::1 at 2015-09-30 23:00:36 -0600


Started GET "/assets/jquery.self-a714331225dda820228db323939889f149aec0127aeb06255646b616ba1ca419.js?body=1" for ::1 at 2015-09-30 23:00:36 -0600


Started GET "/assets/jquery_ujs.self-d456baa54c1fa6be2ec3711f0a72ddf7a5b2f34a6b4f515f33767d6207b7d4b3.js?body=1" for ::1 at 2015-09-30 23:00:37 -0600


Started GET "/assets/application.self-3a3c8b61bda630ee689740ce7cbd0dd8ea6fdd45e2c42eef4661ab38cf268afe.js?body=1" for ::1 at 2015-09-30 23:00:37 -0600


Started GET "/purchases" for ::1 at 2015-09-30 23:00:37 -0600
Processing by PurchasesController#index as HTML
  [1m[36mPurchase Load (0.1ms)[0m  [1mSELECT "purchases".* FROM "purchases"[0m
  Rendered purchases/index.html.erb within layouts/application (1.5ms)
Completed 200 OK in 34ms (Views: 32.5ms | ActiveRecord: 0.1ms)


Started GET "/assets/purchases.self-e3b0c44298fc1c149afbf4c8996fb92427ae41e4649b934ca495991b7852b855.css?body=1" for ::1 at 2015-09-30 23:00:37 -0600


Started GET "/assets/jquery.self-a714331225dda820228db323939889f149aec0127aeb06255646b616ba1ca419.js?body=1" for ::1 at 2015-09-30 23:00:37 -0600


Started GET "/assets/scaffolds.self-035a996a8333591f7089850ff6db06e182fae6b3cb8efc6b6eb30ee71cf35ffb.css?body=1" for ::1 at 2015-09-30 23:00:37 -0600


Started GET "/assets/jquery_ujs.self-d456baa54c1fa6be2ec3711f0a72ddf7a5b2f34a6b4f515f33767d6207b7d4b3.js?body=1" for ::1 at 2015-09-30 23:00:37 -0600


Started GET "/assets/turbolinks.self-c37727e9bd6b2735da5c311aa83fead54ed0be6cc8bd9a65309e9c5abe2cbfff.js?body=1" for ::1 at 2015-09-30 23:00:37 -0600


Started GET "/assets/application.self-e80e8f2318043e8af94dddc2adad5a4f09739a8ebb323b3ab31cd71d45fd9113.css?body=1" for ::1 at 2015-09-30 23:00:37 -0600


Started GET "/assets/purchases.self-877aef30ae1b040ab8a3aba4e3e309a11d7f2612f44dde450b5c157aa5f95c05.js?body=1" for ::1 at 2015-09-30 23:00:37 -0600


Started GET "/assets/application.self-3a3c8b61bda630ee689740ce7cbd0dd8ea6fdd45e2c42eef4661ab38cf268afe.js?body=1" for ::1 at 2015-09-30 23:00:37 -0600


Started GET "/purchases/new" for ::1 at 2015-09-30 23:00:39 -0600
Processing by PurchasesController#new as HTML
  Rendered purchases/_form.html.erb (24.4ms)
  Rendered purchases/new.html.erb within layouts/application (31.5ms)
Completed 200 OK in 111ms (Views: 109.6ms | ActiveRecord: 0.0ms)


Started POST "/purchases" for ::1 at 2015-09-30 23:01:09 -0600
Processing by PurchasesController#create as HTML
  Parameters: {"utf8"=>"✓", "authenticity_token"=>"sllw4HuhmJi3UQnSLUaiHY2dPhoQDakpRCNB+3f7NxSI4Zy+c9XimJFQRGe1/Gbtta5d/Z688aSxsKUSHLbG5g==", "purchase"=>{"name"=>"2x4x8", "cost"=>"4.75"}, "commit"=>"Create Purchase"}
  [1m[35m (0.1ms)[0m  begin transaction
  [1m[36mSQL (0.8ms)[0m  [1mINSERT INTO "purchases" ("name", "cost", "created_at", "updated_at") VALUES (?, ?, ?, ?)[0m  [["name", "2x4x8"], ["cost", 4.75], ["created_at", "2015-10-01 05:01:09.443204"], ["updated_at", "2015-10-01 05:01:09.443204"]]
  [1m[35m (1.0ms)[0m  commit transaction
Redirected to http://localhost:3000/purchases/4
Completed 302 Found in 11ms (ActiveRecord: 1.9ms)


Started GET "/purchases/4" for ::1 at 2015-09-30 23:01:09 -0600
Processing by PurchasesController#show as HTML
  Parameters: {"id"=>"4"}
  [1m[36mPurchase Load (0.3ms)[0m  [1mSELECT  "purchases".* FROM "purchases" WHERE "purchases"."id" = ? LIMIT 1[0m  [["id", 4]]
  Rendered purchases/show.html.erb within layouts/application (1.2ms)
Completed 200 OK in 50ms (Views: 39.6ms | ActiveRecord: 0.3ms)


Started GET "/purchases" for ::1 at 2015-09-30 23:01:13 -0600
Processing by PurchasesController#index as HTML
  [1m[35mPurchase Load (0.1ms)[0m  SELECT "purchases".* FROM "purchases"
  Rendered purchases/index.html.erb within layouts/application (1.9ms)
Completed 200 OK in 35ms (Views: 33.9ms | ActiveRecord: 0.1ms)


Started GET "/purchases/4" for ::1 at 2015-09-30 23:15:20 -0600
Processing by PurchasesController#show as HTML
  Parameters: {"id"=>"4"}
  [1m[36mPurchase Load (0.4ms)[0m  [1mSELECT  "purchases".* FROM "purchases" WHERE "purchases"."id" = ? LIMIT 1[0m  [["id", 4]]
  Rendered purchases/show.html.erb within layouts/application (1.2ms)
Completed 200 OK in 54ms (Views: 52.0ms | ActiveRecord: 0.4ms)


Started GET "/purchases/4" for ::1 at 2015-10-02 03:54:44 -0600
Processing by PurchasesController#show as HTML
  Parameters: {"id"=>"4"}
  [1m[35mPurchase Load (6.4ms)[0m  SELECT  "purchases".* FROM "purchases" WHERE "purchases"."id" = ? LIMIT 1  [["id", 4]]
  Rendered purchases/show.html.erb within layouts/application (7.9ms)
Completed 200 OK in 254ms (Views: 218.0ms | ActiveRecord: 6.4ms)


Started GET "/purchases" for ::1 at 2015-10-02 18:28:07 -0600
  [1m[36mActiveRecord::SchemaMigration Load (0.5ms)[0m  [1mSELECT "schema_migrations".* FROM "schema_migrations"[0m
Processing by PurchasesController#index as HTML
  [1m[35mPurchase Load (0.5ms)[0m  SELECT "purchases".* FROM "purchases"
  Rendered purchases/index.html.erb within layouts/application (12.9ms)
Completed 200 OK in 329ms (Views: 314.6ms | ActiveRecord: 0.9ms)


Started GET "/purchases/new" for ::1 at 2015-10-02 21:11:23 -0600
Processing by PurchasesController#new as HTML
  Rendered purchases/_form.html.erb (74.8ms)
  Rendered purchases/new.html.erb within layouts/application (111.9ms)
Completed 200 OK in 282ms (Views: 219.2ms | ActiveRecord: 0.0ms)


Started GET "/purchases" for ::1 at 2015-10-02 21:18:21 -0600
Processing by PurchasesController#index as HTML
  [1m[36mPurchase Load (3.2ms)[0m  [1mSELECT "purchases".* FROM "purchases"[0m
  Rendered purchases/index.html.erb within layouts/application (21.3ms)
Completed 200 OK in 118ms (Views: 98.5ms | ActiveRecord: 3.2ms)


Started GET "/assets/scaffolds.self-035a996a8333591f7089850ff6db06e182fae6b3cb8efc6b6eb30ee71cf35ffb.css?body=1" for ::1 at 2015-10-02 21:18:21 -0600


Started GET "/assets/turbolinks.self-c37727e9bd6b2735da5c311aa83fead54ed0be6cc8bd9a65309e9c5abe2cbfff.js?body=1" for ::1 at 2015-10-02 21:18:21 -0600


Started GET "/assets/application.self-e80e8f2318043e8af94dddc2adad5a4f09739a8ebb323b3ab31cd71d45fd9113.css?body=1" for ::1 at 2015-10-02 21:18:21 -0600


Started GET "/assets/purchases.self-e3b0c44298fc1c149afbf4c8996fb92427ae41e4649b934ca495991b7852b855.css?body=1" for ::1 at 2015-10-02 21:18:22 -0600


Started GET "/assets/application.self-3a3c8b61bda630ee689740ce7cbd0dd8ea6fdd45e2c42eef4661ab38cf268afe.js?body=1" for ::1 at 2015-10-02 21:18:22 -0600


Started GET "/assets/jquery.self-a714331225dda820228db323939889f149aec0127aeb06255646b616ba1ca419.js?body=1" for ::1 at 2015-10-02 21:18:22 -0600


Started GET "/assets/jquery_ujs.self-d456baa54c1fa6be2ec3711f0a72ddf7a5b2f34a6b4f515f33767d6207b7d4b3.js?body=1" for ::1 at 2015-10-02 21:18:22 -0600


Started GET "/assets/purchases.self-877aef30ae1b040ab8a3aba4e3e309a11d7f2612f44dde450b5c157aa5f95c05.js?body=1" for ::1 at 2015-10-02 21:18:22 -0600


Started GET "/purchases/3/edit" for ::1 at 2015-10-02 21:18:25 -0600
Processing by PurchasesController#edit as HTML
  Parameters: {"id"=>"3"}
  [1m[35mPurchase Load (1.5ms)[0m  SELECT  "purchases".* FROM "purchases" WHERE "purchases"."id" = ? LIMIT 1  [["id", 3]]
  Rendered purchases/_form.html.erb (6.2ms)
  Rendered purchases/edit.html.erb within layouts/application (10.9ms)
Completed 200 OK in 123ms (Views: 45.1ms | ActiveRecord: 1.5ms)


Started PATCH "/purchases/3" for ::1 at 2015-10-02 21:18:37 -0600
Processing by PurchasesController#update as HTML
  Parameters: {"utf8"=>"✓", "authenticity_token"=>"Jp0FqMu6fVuX1DdCHhGeNokj4Qlib/r/xzfiMUxjDpocJen2w84HW7HVeveGq1rGsRCC7uzeonIypAbYJy7/aA==", "purchase"=>{"name"=>"Mouse Traps", "cost"=>"2.97"}, "commit"=>"Update Purchase", "id"=>"3"}
  [1m[36mPurchase Load (0.5ms)[0m  [1mSELECT  "purchases".* FROM "purchases" WHERE "purchases"."id" = ? LIMIT 1[0m  [["id", 3]]
  [1m[35m (0.4ms)[0m  begin transaction
  [1m[36mSQL (0.7ms)[0m  [1mUPDATE "purchases" SET "cost" = ?, "updated_at" = ? WHERE "purchases"."id" = ?[0m  [["cost", 2.97], ["updated_at", "2015-10-03 03:18:37.838508"], ["id", 3]]
  [1m[35m (1.0ms)[0m  commit transaction
Redirected to http://localhost:3000/purchases/3
Completed 302 Found in 22ms (ActiveRecord: 2.5ms)


Started GET "/purchases/3" for ::1 at 2015-10-02 21:18:37 -0600
Processing by PurchasesController#show as HTML
  Parameters: {"id"=>"3"}
  [1m[36mPurchase Load (0.1ms)[0m  [1mSELECT  "purchases".* FROM "purchases" WHERE "purchases"."id" = ? LIMIT 1[0m  [["id", 3]]
  Rendered purchases/show.html.erb within layouts/application (1.8ms)
Completed 200 OK in 37ms (Views: 35.4ms | ActiveRecord: 0.1ms)


Started GET "/assets/purchases.self-e3b0c44298fc1c149afbf4c8996fb92427ae41e4649b934ca495991b7852b855.css?body=1" for ::1 at 2015-10-02 21:18:38 -0600


Started GET "/assets/scaffolds.self-035a996a8333591f7089850ff6db06e182fae6b3cb8efc6b6eb30ee71cf35ffb.css?body=1" for ::1 at 2015-10-02 21:18:38 -0600


Started GET "/assets/application.self-e80e8f2318043e8af94dddc2adad5a4f09739a8ebb323b3ab31cd71d45fd9113.css?body=1" for ::1 at 2015-10-02 21:18:38 -0600


Started GET "/assets/jquery.self-a714331225dda820228db323939889f149aec0127aeb06255646b616ba1ca419.js?body=1" for ::1 at 2015-10-02 21:18:38 -0600


Started GET "/assets/turbolinks.self-c37727e9bd6b2735da5c311aa83fead54ed0be6cc8bd9a65309e9c5abe2cbfff.js?body=1" for ::1 at 2015-10-02 21:18:38 -0600


Started GET "/assets/purchases.self-877aef30ae1b040ab8a3aba4e3e309a11d7f2612f44dde450b5c157aa5f95c05.js?body=1" for ::1 at 2015-10-02 21:18:38 -0600


Started GET "/assets/jquery_ujs.self-d456baa54c1fa6be2ec3711f0a72ddf7a5b2f34a6b4f515f33767d6207b7d4b3.js?body=1" for ::1 at 2015-10-02 21:18:38 -0600


Started GET "/assets/application.self-3a3c8b61bda630ee689740ce7cbd0dd8ea6fdd45e2c42eef4661ab38cf268afe.js?body=1" for ::1 at 2015-10-02 21:18:38 -0600


Started GET "/purchases" for ::1 at 2015-10-02 21:18:45 -0600
Processing by PurchasesController#index as HTML
  [1m[35mPurchase Load (0.2ms)[0m  SELECT "purchases".* FROM "purchases"
  Rendered purchases/index.html.erb within layouts/application (3.0ms)
Completed 200 OK in 35ms (Views: 34.0ms | ActiveRecord: 0.2ms)


Started GET "/purchases/4" for ::1 at 2015-10-02 21:18:48 -0600
Processing by PurchasesController#show as HTML
  Parameters: {"id"=>"4"}
  [1m[36mPurchase Load (0.2ms)[0m  [1mSELECT  "purchases".* FROM "purchases" WHERE "purchases"."id" = ? LIMIT 1[0m  [["id", 4]]
  Rendered purchases/show.html.erb within layouts/application (1.3ms)
Completed 200 OK in 37ms (Views: 34.4ms | ActiveRecord: 0.2ms)


Started GET "/purchases/2" for ::1 at 2015-10-02 21:18:54 -0600
Processing by PurchasesController#show as HTML
  Parameters: {"id"=>"2"}
  [1m[35mPurchase Load (0.2ms)[0m  SELECT  "purchases".* FROM "purchases" WHERE "purchases"."id" = ? LIMIT 1  [["id", 2]]
  Rendered purchases/show.html.erb within layouts/application (0.6ms)
Completed 200 OK in 29ms (Views: 26.7ms | ActiveRecord: 0.2ms)


Started GET "/purchases/4/edit" for ::1 at 2015-10-02 21:19:42 -0600
Processing by PurchasesController#edit as HTML
  Parameters: {"id"=>"4"}
  [1m[36mPurchase Load (0.2ms)[0m  [1mSELECT  "purchases".* FROM "purchases" WHERE "purchases"."id" = ? LIMIT 1[0m  [["id", 4]]
  Rendered purchases/_form.html.erb (10.5ms)
  Rendered purchases/edit.html.erb within layouts/application (15.5ms)
Completed 200 OK in 93ms (Views: 75.1ms | ActiveRecord: 0.2ms)


Started GET "/purchases" for ::1 at 2015-10-03 18:42:40 -0600
Processing by PurchasesController#index as HTML
  [1m[35mPurchase Load (7.0ms)[0m  SELECT "purchases".* FROM "purchases"
  Rendered purchases/index.html.erb within layouts/application (97.6ms)
Completed 200 OK in 465ms (Views: 353.5ms | ActiveRecord: 7.0ms)


Started GET "/purchases/3/edit" for ::1 at 2015-10-03 18:42:42 -0600
Processing by PurchasesController#edit as HTML
  Parameters: {"id"=>"3"}
  [1m[36mPurchase Load (0.4ms)[0m  [1mSELECT  "purchases".* FROM "purchases" WHERE "purchases"."id" = ? LIMIT 1[0m  [["id", 3]]
  Rendered purchases/_form.html.erb (9.9ms)
  Rendered purchases/edit.html.erb within layouts/application (11.8ms)
Completed 200 OK in 556ms (Views: 546.5ms | ActiveRecord: 0.4ms)


Started PATCH "/purchases/3" for ::1 at 2015-10-03 18:42:53 -0600
Processing by PurchasesController#update as HTML
  Parameters: {"utf8"=>"✓", "authenticity_token"=>"FjJKEHooQECtlPbDix4pQSOMo2Frp1KIqL9n0tp4xIYsiqZOclw6QIuVu3YTpO2xG7/AhuUWCgVdLIM7sTU1dA==", "purchase"=>{"name"=>"Mouse Traps", "cost"=>"3.00"}, "commit"=>"Update Purchase", "id"=>"3"}
  [1m[35mPurchase Load (0.4ms)[0m  SELECT  "purchases".* FROM "purchases" WHERE "purchases"."id" = ? LIMIT 1  [["id", 3]]
  [1m[36m (0.2ms)[0m  [1mbegin transaction[0m
  [1m[35mSQL (0.7ms)[0m  UPDATE "purchases" SET "cost" = ?, "updated_at" = ? WHERE "purchases"."id" = ?  [["cost", 3.0], ["updated_at", "2015-10-04 00:42:53.702345"], ["id", 3]]
  [1m[36m (1.0ms)[0m  [1mcommit transaction[0m
Redirected to http://localhost:3000/purchases/3
Completed 302 Found in 15ms (ActiveRecord: 2.3ms)


Started GET "/purchases/3" for ::1 at 2015-10-03 18:42:53 -0600
Processing by PurchasesController#show as HTML
  Parameters: {"id"=>"3"}
  [1m[35mPurchase Load (0.1ms)[0m  SELECT  "purchases".* FROM "purchases" WHERE "purchases"."id" = ? LIMIT 1  [["id", 3]]
  Rendered purchases/show.html.erb within layouts/application (11.7ms)
Completed 200 OK in 61ms (Views: 58.1ms | ActiveRecord: 0.1ms)


Started GET "/assets/purchases.self-e3b0c44298fc1c149afbf4c8996fb92427ae41e4649b934ca495991b7852b855.css?body=1" for ::1 at 2015-10-03 18:42:54 -0600


Started GET "/assets/turbolinks.self-c37727e9bd6b2735da5c311aa83fead54ed0be6cc8bd9a65309e9c5abe2cbfff.js?body=1" for ::1 at 2015-10-03 18:42:54 -0600


Started GET "/assets/jquery.self-a714331225dda820228db323939889f149aec0127aeb06255646b616ba1ca419.js?body=1" for ::1 at 2015-10-03 18:42:54 -0600


Started GET "/assets/scaffolds.self-035a996a8333591f7089850ff6db06e182fae6b3cb8efc6b6eb30ee71cf35ffb.css?body=1" for ::1 at 2015-10-03 18:42:54 -0600


Started GET "/assets/jquery_ujs.self-d456baa54c1fa6be2ec3711f0a72ddf7a5b2f34a6b4f515f33767d6207b7d4b3.js?body=1" for ::1 at 2015-10-03 18:42:54 -0600


Started GET "/assets/application.self-e80e8f2318043e8af94dddc2adad5a4f09739a8ebb323b3ab31cd71d45fd9113.css?body=1" for ::1 at 2015-10-03 18:42:54 -0600


Started GET "/assets/purchases.self-877aef30ae1b040ab8a3aba4e3e309a11d7f2612f44dde450b5c157aa5f95c05.js?body=1" for ::1 at 2015-10-03 18:42:54 -0600


Started GET "/assets/application.self-3a3c8b61bda630ee689740ce7cbd0dd8ea6fdd45e2c42eef4661ab38cf268afe.js?body=1" for ::1 at 2015-10-03 18:42:54 -0600


Started GET "/purchases" for ::1 at 2015-10-03 18:42:59 -0600
Processing by PurchasesController#index as HTML
  [1m[36mPurchase Load (0.2ms)[0m  [1mSELECT "purchases".* FROM "purchases"[0m
  Rendered purchases/index.html.erb within layouts/application (2.5ms)
Completed 200 OK in 52ms (Views: 50.1ms | ActiveRecord: 0.2ms)


Started GET "/purchases" for ::1 at 2015-10-03 18:48:04 -0600
Processing by PurchasesController#index as HTML
  [1m[35mPurchase Load (0.6ms)[0m  SELECT "purchases".* FROM "purchases"
  Rendered purchases/index.html.erb within layouts/application (8.4ms)
Completed 200 OK in 80ms (Views: 75.1ms | ActiveRecord: 0.6ms)


Started GET "/purchases" for ::1 at 2015-10-03 18:48:06 -0600
Processing by PurchasesController#index as HTML
  [1m[36mPurchase Load (0.2ms)[0m  [1mSELECT "purchases".* FROM "purchases"[0m
  Rendered purchases/index.html.erb within layouts/application (1.8ms)
Completed 200 OK in 36ms (Views: 34.6ms | ActiveRecord: 0.1ms)


Started GET "/assets/jquery.self-a714331225dda820228db323939889f149aec0127aeb06255646b616ba1ca419.js?body=1" for ::1 at 2015-10-03 18:48:06 -0600


Started GET "/assets/purchases.self-e3b0c44298fc1c149afbf4c8996fb92427ae41e4649b934ca495991b7852b855.css?body=1" for ::1 at 2015-10-03 18:48:06 -0600


Started GET "/assets/scaffolds.self-035a996a8333591f7089850ff6db06e182fae6b3cb8efc6b6eb30ee71cf35ffb.css?body=1" for ::1 at 2015-10-03 18:48:06 -0600


Started GET "/assets/purchases.self-877aef30ae1b040ab8a3aba4e3e309a11d7f2612f44dde450b5c157aa5f95c05.js?body=1" for ::1 at 2015-10-03 18:48:06 -0600


Started GET "/assets/jquery_ujs.self-d456baa54c1fa6be2ec3711f0a72ddf7a5b2f34a6b4f515f33767d6207b7d4b3.js?body=1" for ::1 at 2015-10-03 18:48:06 -0600


Started GET "/assets/application.self-e80e8f2318043e8af94dddc2adad5a4f09739a8ebb323b3ab31cd71d45fd9113.css?body=1" for ::1 at 2015-10-03 18:48:06 -0600


Started GET "/assets/turbolinks.self-c37727e9bd6b2735da5c311aa83fead54ed0be6cc8bd9a65309e9c5abe2cbfff.js?body=1" for ::1 at 2015-10-03 18:48:06 -0600


Started GET "/assets/application.self-3a3c8b61bda630ee689740ce7cbd0dd8ea6fdd45e2c42eef4661ab38cf268afe.js?body=1" for ::1 at 2015-10-03 18:48:06 -0600


Started GET "/purchases/3/edit" for ::1 at 2015-10-03 20:32:55 -0600
Processing by PurchasesController#edit as HTML
  Parameters: {"id"=>"3"}
  [1m[35mPurchase Load (1.8ms)[0m  SELECT  "purchases".* FROM "purchases" WHERE "purchases"."id" = ? LIMIT 1  [["id", 3]]
  Rendered purchases/_form.html.erb (13.3ms)
  Rendered purchases/edit.html.erb within layouts/application (17.8ms)
Completed 200 OK in 299ms (Views: 275.4ms | ActiveRecord: 1.8ms)


Started PATCH "/purchases/3" for ::1 at 2015-10-03 20:33:01 -0600
Processing by PurchasesController#update as HTML
  Parameters: {"utf8"=>"✓", "authenticity_token"=>"qjaSehU1ZqumeJsFlakP5Vnu1KI1SMftbRy9PGErpuOQjn4kHUEcq4B51rANE8sVYd23Rbv5n2CYj1nVCmZXEQ==", "purchase"=>{"name"=>"Mouse Traps", "cost"=>"3.25"}, "commit"=>"Update Purchase", "id"=>"3"}
  [1m[36mPurchase Load (0.1ms)[0m  [1mSELECT  "purchases".* FROM "purchases" WHERE "purchases"."id" = ? LIMIT 1[0m  [["id", 3]]
  [1m[35m (0.1ms)[0m  begin transaction
  [1m[36mSQL (0.3ms)[0m  [1mUPDATE "purchases" SET "cost" = ?, "updated_at" = ? WHERE "purchases"."id" = ?[0m  [["cost", 3.25], ["updated_at", "2015-10-04 02:33:01.689487"], ["id", 3]]
  [1m[35m (0.8ms)[0m  commit transaction
Redirected to http://localhost:3000/purchases/3
Completed 302 Found in 56ms (ActiveRecord: 1.4ms)


Started GET "/purchases/3" for ::1 at 2015-10-03 20:33:01 -0600
Processing by PurchasesController#show as HTML
  Parameters: {"id"=>"3"}
  [1m[36mPurchase Load (0.2ms)[0m  [1mSELECT  "purchases".* FROM "purchases" WHERE "purchases"."id" = ? LIMIT 1[0m  [["id", 3]]
  Rendered purchases/show.html.erb within layouts/application (0.7ms)
Completed 200 OK in 59ms (Views: 56.2ms | ActiveRecord: 0.2ms)


Started GET "/assets/purchases.self-e3b0c44298fc1c149afbf4c8996fb92427ae41e4649b934ca495991b7852b855.css?body=1" for ::1 at 2015-10-03 20:33:02 -0600


Started GET "/assets/jquery_ujs.self-d456baa54c1fa6be2ec3711f0a72ddf7a5b2f34a6b4f515f33767d6207b7d4b3.js?body=1" for ::1 at 2015-10-03 20:33:02 -0600


Started GET "/assets/application.self-e80e8f2318043e8af94dddc2adad5a4f09739a8ebb323b3ab31cd71d45fd9113.css?body=1" for ::1 at 2015-10-03 20:33:02 -0600


Started GET "/assets/jquery.self-a714331225dda820228db323939889f149aec0127aeb06255646b616ba1ca419.js?body=1" for ::1 at 2015-10-03 20:33:02 -0600


Started GET "/assets/purchases.self-877aef30ae1b040ab8a3aba4e3e309a11d7f2612f44dde450b5c157aa5f95c05.js?body=1" for ::1 at 2015-10-03 20:33:02 -0600


Started GET "/assets/turbolinks.self-c37727e9bd6b2735da5c311aa83fead54ed0be6cc8bd9a65309e9c5abe2cbfff.js?body=1" for ::1 at 2015-10-03 20:33:02 -0600


Started GET "/assets/scaffolds.self-035a996a8333591f7089850ff6db06e182fae6b3cb8efc6b6eb30ee71cf35ffb.css?body=1" for ::1 at 2015-10-03 20:33:02 -0600


Started GET "/assets/application.self-3a3c8b61bda630ee689740ce7cbd0dd8ea6fdd45e2c42eef4661ab38cf268afe.js?body=1" for ::1 at 2015-10-03 20:33:02 -0600


Started GET "/purchases/3/edit" for ::1 at 2015-10-03 20:33:04 -0600
Processing by PurchasesController#edit as HTML
  Parameters: {"id"=>"3"}
  [1m[35mPurchase Load (0.1ms)[0m  SELECT  "purchases".* FROM "purchases" WHERE "purchases"."id" = ? LIMIT 1  [["id", 3]]
  Rendered purchases/_form.html.erb (2.3ms)
  Rendered purchases/edit.html.erb within layouts/application (11.1ms)
Completed 200 OK in 63ms (Views: 61.0ms | ActiveRecord: 0.1ms)


Started GET "/assets/purchases.self-e3b0c44298fc1c149afbf4c8996fb92427ae41e4649b934ca495991b7852b855.css?body=1" for ::1 at 2015-10-03 20:33:04 -0600


Started GET "/assets/jquery_ujs.self-d456baa54c1fa6be2ec3711f0a72ddf7a5b2f34a6b4f515f33767d6207b7d4b3.js?body=1" for ::1 at 2015-10-03 20:33:04 -0600


Started GET "/assets/scaffolds.self-035a996a8333591f7089850ff6db06e182fae6b3cb8efc6b6eb30ee71cf35ffb.css?body=1" for ::1 at 2015-10-03 20:33:04 -0600


Started GET "/assets/turbolinks.self-c37727e9bd6b2735da5c311aa83fead54ed0be6cc8bd9a65309e9c5abe2cbfff.js?body=1" for ::1 at 2015-10-03 20:33:04 -0600


Started GET "/assets/application.self-e80e8f2318043e8af94dddc2adad5a4f09739a8ebb323b3ab31cd71d45fd9113.css?body=1" for ::1 at 2015-10-03 20:33:04 -0600


Started GET "/assets/jquery.self-a714331225dda820228db323939889f149aec0127aeb06255646b616ba1ca419.js?body=1" for ::1 at 2015-10-03 20:33:04 -0600


Started GET "/assets/purchases.self-877aef30ae1b040ab8a3aba4e3e309a11d7f2612f44dde450b5c157aa5f95c05.js?body=1" for ::1 at 2015-10-03 20:33:04 -0600


Started GET "/assets/application.self-3a3c8b61bda630ee689740ce7cbd0dd8ea6fdd45e2c42eef4661ab38cf268afe.js?body=1" for ::1 at 2015-10-03 20:33:04 -0600


Started GET "/purchases" for ::1 at 2015-10-06 20:43:08 -0600
  [1m[36mActiveRecord::SchemaMigration Load (0.6ms)[0m  [1mSELECT "schema_migrations".* FROM "schema_migrations"[0m
Processing by PurchasesController#index as HTML
  [1m[35mPurchase Load (0.6ms)[0m  SELECT "purchases".* FROM "purchases"
  Rendered purchases/index.html.erb within layouts/application (12.7ms)
Completed 200 OK in 395ms (Views: 380.2ms | ActiveRecord: 0.9ms)


Started GET "/assets/purchases.self-e3b0c44298fc1c149afbf4c8996fb92427ae41e4649b934ca495991b7852b855.css?body=1" for ::1 at 2015-10-06 20:43:09 -0600


Started GET "/assets/scaffolds.self-035a996a8333591f7089850ff6db06e182fae6b3cb8efc6b6eb30ee71cf35ffb.css?body=1" for ::1 at 2015-10-06 20:43:09 -0600


Started GET "/assets/jquery_ujs.self-d456baa54c1fa6be2ec3711f0a72ddf7a5b2f34a6b4f515f33767d6207b7d4b3.js?body=1" for ::1 at 2015-10-06 20:43:09 -0600


Started GET "/assets/application.self-e80e8f2318043e8af94dddc2adad5a4f09739a8ebb323b3ab31cd71d45fd9113.css?body=1" for ::1 at 2015-10-06 20:43:09 -0600


Started GET "/assets/turbolinks.self-c37727e9bd6b2735da5c311aa83fead54ed0be6cc8bd9a65309e9c5abe2cbfff.js?body=1" for ::1 at 2015-10-06 20:43:09 -0600


Started GET "/assets/jquery.self-a714331225dda820228db323939889f149aec0127aeb06255646b616ba1ca419.js?body=1" for ::1 at 2015-10-06 20:43:09 -0600


Started GET "/assets/application.self-3a3c8b61bda630ee689740ce7cbd0dd8ea6fdd45e2c42eef4661ab38cf268afe.js?body=1" for ::1 at 2015-10-06 20:43:09 -0600


Started GET "/assets/purchases.self-877aef30ae1b040ab8a3aba4e3e309a11d7f2612f44dde450b5c157aa5f95c05.js?body=1" for ::1 at 2015-10-06 20:43:09 -0600
